# JRE version: OpenJDK Runtime Environment (8.0_121-b13) (build 1.8.0_121-8u121-b13-0ubuntu1.16.04.2-b13)
# Java VM: OpenJDK 64-Bit Server VM (25.121-b13 mixed mode linux-amd64 compressed oops)
Heap:
 PSYoungGen      total 259584K, used 0K [0x00000000e0000000, 0x0000000100000000, 0x0000000100000000)
  eden space 259072K, 0% used [0x00000000e0000000,0x00000000e0000000,0x00000000efd00000)
  from space 512K, 0% used [0x00000000efd00000,0x00000000efd00000,0x00000000efd80000)
  to   space 134656K, 0% used [0x00000000f7c80000,0x00000000f7c80000,0x0000000100000000)
 ParOldGen       total 768000K, used 672326K [0x00000000a0000000, 0x00000000cee00000, 0x00000000e0000000)
  object space 768000K, 87% used [0x00000000a0000000,0x00000000c90919d8,0x00000000cee00000)
 Metaspace       used 87210K, capacity 93592K, committed 95104K, reserved 1132544K
  class space    used 10998K, capacity 12147K, committed 12416K, reserved 1048576K
GC Heap History (10 events):
Event: 2147.893 GC heap after
Heap after GC invocations=134 (full 21):
 PSYoungGen      total 400896K, used 46953K [0x00000000e0000000, 0x00000000ffb80000, 0x0000000100000000)
  eden space 300544K, 0% used [0x00000000e0000000,0x00000000e0000000,0x00000000f2580000)
  from space 100352K, 46% used [0x00000000f2580000,0x00000000f535a738,0x00000000f8780000)
  to   space 96256K, 0% used [0x00000000f9d80000,0x00000000f9d80000,0x00000000ffb80000)
 ParOldGen       total 768000K, used 494017K [0x00000000a0000000, 0x00000000cee00000, 0x00000000e0000000)
  object space 768000K, 64% used [0x00000000a0000000,0x00000000be2704c0,0x00000000cee00000)
 Metaspace       used 87210K, capacity 93592K, committed 95104K, reserved 1132544K
  class space    used 10998K, capacity 12147K, committed 12416K, reserved 1048576K
}
Event: 2148.210 GC heap before
{Heap before GC invocations=135 (full 21):
 PSYoungGen      total 400896K, used 347497K [0x00000000e0000000, 0x00000000ffb80000, 0x0000000100000000)
  eden space 300544K, 100% used [0x00000000e0000000,0x00000000f2580000,0x00000000f2580000)
  from space 100352K, 46% used [0x00000000f2580000,0x00000000f535a738,0x00000000f8780000)
  to   space 96256K, 0% used [0x00000000f9d80000,0x00000000f9d80000,0x00000000ffb80000)
 ParOldGen       total 768000K, used 494017K [0x00000000a0000000, 0x00000000cee00000, 0x00000000e0000000)
  object space 768000K, 64% used [0x00000000a0000000,0x00000000be2704c0,0x00000000cee00000)
 Metaspace       used 87210K, capacity 93592K, committed 95104K, reserved 1132544K
  class space    used 10998K, capacity 12147K, committed 12416K, reserved 1048576K
Event: 2148.303 GC heap after
Heap after GC invocations=135 (full 21):
 PSYoungGen      total 401408K, used 92580K [0x00000000e0000000, 0x0000000100000000, 0x0000000100000000)
  eden space 305152K, 0% used [0x00000000e0000000,0x00000000e0000000,0x00000000f2a00000)
  from space 96256K, 96% used [0x00000000f9d80000,0x00000000ff7e9108,0x00000000ffb80000)
  to   space 109568K, 0% used [0x00000000f2a00000,0x00000000f2a00000,0x00000000f9500000)
 ParOldGen       total 768000K, used 494017K [0x00000000a0000000, 0x00000000cee00000, 0x00000000e0000000)
  object space 768000K, 64% used [0x00000000a0000000,0x00000000be2704c0,0x00000000cee00000)
 Metaspace       used 87210K, capacity 93592K, committed 95104K, reserved 1132544K
  class space    used 10998K, capacity 12147K, committed 12416K, reserved 1048576K
}
Event: 2148.701 GC heap before
{Heap before GC invocations=136 (full 21):
 PSYoungGen      total 401408K, used 397732K [0x00000000e0000000, 0x0000000100000000, 0x0000000100000000)
  eden space 305152K, 100% used [0x00000000e0000000,0x00000000f2a00000,0x00000000f2a00000)
  from space 96256K, 96% used [0x00000000f9d80000,0x00000000ff7e9108,0x00000000ffb80000)
  to   space 109568K, 0% used [0x00000000f2a00000,0x00000000f2a00000,0x00000000f9500000)
 ParOldGen       total 768000K, used 494017K [0x00000000a0000000, 0x00000000cee00000, 0x00000000e0000000)
  object space 768000K, 64% used [0x00000000a0000000,0x00000000be2704c0,0x00000000cee00000)
 Metaspace       used 87210K, capacity 93592K, committed 95104K, reserved 1132544K
  class space    used 10998K, capacity 12147K, committed 12416K, reserved 1048576K
Event: 2148.849 GC heap after
Heap after GC invocations=136 (full 21):
 PSYoungGen      total 414720K, used 109562K [0x00000000e0000000, 0x0000000100000000, 0x0000000100000000)
  eden space 305152K, 0% used [0x00000000e0000000,0x00000000e0000000,0x00000000f2a00000)
  from space 109568K, 99% used [0x00000000f2a00000,0x00000000f94fe828,0x00000000f9500000)
  to   space 109568K, 0% used [0x00000000f9500000,0x00000000f9500000,0x0000000100000000)
 ParOldGen       total 768000K, used 519232K [0x00000000a0000000, 0x00000000cee00000, 0x00000000e0000000)
  object space 768000K, 67% used [0x00000000a0000000,0x00000000bfb10068,0x00000000cee00000)
 Metaspace       used 87210K, capacity 93592K, committed 95104K, reserved 1132544K
  class space    used 10998K, capacity 12147K, committed 12416K, reserved 1048576K
}
Event: 2149.334 GC heap before
{Heap before GC invocations=137 (full 21):
 PSYoungGen      total 414720K, used 414714K [0x00000000e0000000, 0x0000000100000000, 0x0000000100000000)
  eden space 305152K, 100% used [0x00000000e0000000,0x00000000f2a00000,0x00000000f2a00000)
  from space 109568K, 99% used [0x00000000f2a00000,0x00000000f94fe828,0x00000000f9500000)
  to   space 109568K, 0% used [0x00000000f9500000,0x00000000f9500000,0x0000000100000000)
 ParOldGen       total 768000K, used 519233K [0x00000000a0000000, 0x00000000cee00000, 0x00000000e0000000)
  object space 768000K, 67% used [0x00000000a0000000,0x00000000bfb107d8,0x00000000cee00000)
 Metaspace       used 87210K, capacity 93592K, committed 95104K, reserved 1132544K
  class space    used 10998K, capacity 12147K, committed 12416K, reserved 1048576K
Event: 2149.533 GC heap after
Heap after GC invocations=137 (full 21):
 PSYoungGen      total 368640K, used 68439K [0x00000000e0000000, 0x0000000100000000, 0x0000000100000000)
  eden space 259072K, 0% used [0x00000000e0000000,0x00000000e0000000,0x00000000efd00000)
  from space 109568K, 62% used [0x00000000f9500000,0x00000000fd7d5ef0,0x0000000100000000)
  to   space 132608K, 0% used [0x00000000efd00000,0x00000000efd00000,0x00000000f7e80000)
 ParOldGen       total 768000K, used 608273K [0x00000000a0000000, 0x00000000cee00000, 0x00000000e0000000)
  object space 768000K, 79% used [0x00000000a0000000,0x00000000c5204510,0x00000000cee00000)
 Metaspace       used 87210K, capacity 93592K, committed 95104K, reserved 1132544K
  class space    used 10998K, capacity 12147K, committed 12416K, reserved 1048576K
}
Event: 2149.533 GC heap before
{Heap before GC invocations=138 (full 21):
 PSYoungGen      total 368640K, used 69614K [0x00000000e0000000, 0x0000000100000000, 0x0000000100000000)
  eden space 259072K, 0% used [0x00000000e0000000,0x00000000e0125d00,0x00000000efd00000)
  from space 109568K, 62% used [0x00000000f9500000,0x00000000fd7d5ef0,0x0000000100000000)
  to   space 132608K, 0% used [0x00000000efd00000,0x00000000efd00000,0x00000000f7e80000)
 ParOldGen       total 768000K, used 608273K [0x00000000a0000000, 0x00000000cee00000, 0x00000000e0000000)
  object space 768000K, 79% used [0x00000000a0000000,0x00000000c5204510,0x00000000cee00000)
 Metaspace       used 87210K, capacity 93592K, committed 95104K, reserved 1132544K
  class space    used 10998K, capacity 12147K, committed 12416K, reserved 1048576K
Event: 2149.636 GC heap after
Heap after GC invocations=138 (full 21):
 PSYoungGen      total 259584K, used 64K [0x00000000e0000000, 0x0000000100000000, 0x0000000100000000)
  eden space 259072K, 0% used [0x00000000e0000000,0x00000000e0000000,0x00000000efd00000)
  from space 512K, 12% used [0x00000000efd00000,0x00000000efd10000,0x00000000efd80000)
  to   space 134656K, 0% used [0x00000000f7c80000,0x00000000f7c80000,0x0000000100000000)
 ParOldGen       total 768000K, used 677116K [0x00000000a0000000, 0x00000000cee00000, 0x00000000e0000000)
  object space 768000K, 88% used [0x00000000a0000000,0x00000000c953f070,0x00000000cee00000)
 Metaspace       used 87210K, capacity 93592K, committed 95104K, reserved 1132544K
  class space    used 10998K, capacity 12147K, committed 12416K, reserved 1048576K
}
Event: 2149.636 GC heap before
{Heap before GC invocations=139 (full 22):
 PSYoungGen      total 259584K, used 64K [0x00000000e0000000, 0x0000000100000000, 0x0000000100000000)
  eden space 259072K, 0% used [0x00000000e0000000,0x00000000e0000000,0x00000000efd00000)
  from space 512K, 12% used [0x00000000efd00000,0x00000000efd10000,0x00000000efd80000)
  to   space 134656K, 0% used [0x00000000f7c80000,0x00000000f7c80000,0x0000000100000000)
 ParOldGen       total 768000K, used 677116K [0x00000000a0000000, 0x00000000cee00000, 0x00000000e0000000)
  object space 768000K, 88% used [0x00000000a0000000,0x00000000c953f070,0x00000000cee00000)
 Metaspace       used 87210K, capacity 93592K, committed 95104K, reserved 1132544K
  class space    used 10998K, capacity 12147K, committed 12416K, reserved 1048576K

