# JRE version: OpenJDK Runtime Environment (8.0_121-b13) (build 1.8.0_121-8u121-b13-0ubuntu1.16.04.2-b13)
# Java VM: OpenJDK 64-Bit Server VM (25.121-b13 mixed mode linux-amd64 compressed oops)
Heap:
 PSYoungGen      total 350720K, used 0K [0x00000000e0000000, 0x0000000100000000, 0x0000000100000000)
  eden space 252928K, 0% used [0x00000000e0000000,0x00000000e0000000,0x00000000ef700000)
  from space 97792K, 0% used [0x00000000ef700000,0x00000000ef700000,0x00000000f5680000)
  to   space 142848K, 0% used [0x00000000f7480000,0x00000000f7480000,0x0000000100000000)
 ParOldGen       total 826368K, used 776809K [0x00000000a0000000, 0x00000000d2700000, 0x00000000e0000000)
  object space 826368K, 94% used [0x00000000a0000000,0x00000000cf69a670,0x00000000d2700000)
 Metaspace       used 67855K, capacity 69400K, committed 69888K, reserved 1110016K
  class space    used 8693K, capacity 9086K, committed 9216K, reserved 1048576K
GC Heap History (10 events):
Event: 93.777 GC heap after
Heap after GC invocations=61 (full 7):
 PSYoungGen      total 394752K, used 43950K [0x00000000e0000000, 0x00000000fee80000, 0x0000000100000000)
  eden space 306688K, 0% used [0x00000000e0000000,0x00000000e0000000,0x00000000f2b80000)
  from space 88064K, 49% used [0x00000000f9880000,0x00000000fc36b868,0x00000000fee80000)
  to   space 99840K, 0% used [0x00000000f2b80000,0x00000000f2b80000,0x00000000f8d00000)
 ParOldGen       total 589312K, used 535197K [0x00000000a0000000, 0x00000000c3f80000, 0x00000000e0000000)
  object space 589312K, 90% used [0x00000000a0000000,0x00000000c0aa76c8,0x00000000c3f80000)
 Metaspace       used 67852K, capacity 69400K, committed 69888K, reserved 1110016K
  class space    used 8693K, capacity 9086K, committed 9216K, reserved 1048576K
}
Event: 93.777 GC heap before
{Heap before GC invocations=62 (full 8):
 PSYoungGen      total 394752K, used 43950K [0x00000000e0000000, 0x00000000fee80000, 0x0000000100000000)
  eden space 306688K, 0% used [0x00000000e0000000,0x00000000e0000000,0x00000000f2b80000)
  from space 88064K, 49% used [0x00000000f9880000,0x00000000fc36b868,0x00000000fee80000)
  to   space 99840K, 0% used [0x00000000f2b80000,0x00000000f2b80000,0x00000000f8d00000)
 ParOldGen       total 589312K, used 535197K [0x00000000a0000000, 0x00000000c3f80000, 0x00000000e0000000)
  object space 589312K, 90% used [0x00000000a0000000,0x00000000c0aa76c8,0x00000000c3f80000)
 Metaspace       used 67852K, capacity 69400K, committed 69888K, reserved 1110016K
  class space    used 8693K, capacity 9086K, committed 9216K, reserved 1048576K
Event: 95.553 GC heap after
Heap after GC invocations=62 (full 8):
 PSYoungGen      total 394752K, used 0K [0x00000000e0000000, 0x00000000fee80000, 0x0000000100000000)
  eden space 306688K, 0% used [0x00000000e0000000,0x00000000e0000000,0x00000000f2b80000)
  from space 88064K, 0% used [0x00000000f9880000,0x00000000f9880000,0x00000000fee80000)
  to   space 99840K, 0% used [0x00000000f2b80000,0x00000000f2b80000,0x00000000f8d00000)
 ParOldGen       total 826368K, used 573873K [0x00000000a0000000, 0x00000000d2700000, 0x00000000e0000000)
  object space 826368K, 69% used [0x00000000a0000000,0x00000000c306c7a8,0x00000000d2700000)
 Metaspace       used 67852K, capacity 69400K, committed 69888K, reserved 1110016K
  class space    used 8693K, capacity 9086K, committed 9216K, reserved 1048576K
}
Event: 96.211 GC heap before
{Heap before GC invocations=63 (full 8):
 PSYoungGen      total 394752K, used 306688K [0x00000000e0000000, 0x00000000fee80000, 0x0000000100000000)
  eden space 306688K, 100% used [0x00000000e0000000,0x00000000f2b80000,0x00000000f2b80000)
  from space 88064K, 0% used [0x00000000f9880000,0x00000000f9880000,0x00000000fee80000)
  to   space 99840K, 0% used [0x00000000f2b80000,0x00000000f2b80000,0x00000000f8d00000)
 ParOldGen       total 826368K, used 573873K [0x00000000a0000000, 0x00000000d2700000, 0x00000000e0000000)
  object space 826368K, 69% used [0x00000000a0000000,0x00000000c306c7a8,0x00000000d2700000)
 Metaspace       used 67852K, capacity 69400K, committed 69888K, reserved 1110016K
  class space    used 8693K, capacity 9086K, committed 9216K, reserved 1048576K
Event: 96.291 GC heap after
Heap after GC invocations=63 (full 8):
 PSYoungGen      total 406528K, used 53767K [0x00000000e0000000, 0x0000000100000000, 0x0000000100000000)
  eden space 306688K, 0% used [0x00000000e0000000,0x00000000e0000000,0x00000000f2b80000)
  from space 99840K, 53% used [0x00000000f2b80000,0x00000000f6001c68,0x00000000f8d00000)
  to   space 97792K, 0% used [0x00000000fa080000,0x00000000fa080000,0x0000000100000000)
 ParOldGen       total 826368K, used 573873K [0x00000000a0000000, 0x00000000d2700000, 0x00000000e0000000)
  object space 826368K, 69% used [0x00000000a0000000,0x00000000c306c7a8,0x00000000d2700000)
 Metaspace       used 67852K, capacity 69400K, committed 69888K, reserved 1110016K
  class space    used 8693K, capacity 9086K, committed 9216K, reserved 1048576K
}
Event: 97.386 GC heap before
{Heap before GC invocations=64 (full 8):
 PSYoungGen      total 406528K, used 360455K [0x00000000e0000000, 0x0000000100000000, 0x0000000100000000)
  eden space 306688K, 100% used [0x00000000e0000000,0x00000000f2b80000,0x00000000f2b80000)
  from space 99840K, 53% used [0x00000000f2b80000,0x00000000f6001c68,0x00000000f8d00000)
  to   space 97792K, 0% used [0x00000000fa080000,0x00000000fa080000,0x0000000100000000)
 ParOldGen       total 826368K, used 573873K [0x00000000a0000000, 0x00000000d2700000, 0x00000000e0000000)
  object space 826368K, 69% used [0x00000000a0000000,0x00000000c306c7a8,0x00000000d2700000)
 Metaspace       used 67854K, capacity 69400K, committed 69888K, reserved 1110016K
  class space    used 8693K, capacity 9086K, committed 9216K, reserved 1048576K
Event: 97.567 GC heap after
Heap after GC invocations=64 (full 8):
 PSYoungGen      total 350720K, used 97782K [0x00000000e0000000, 0x0000000100000000, 0x0000000100000000)
  eden space 252928K, 0% used [0x00000000e0000000,0x00000000e0000000,0x00000000ef700000)
  from space 97792K, 99% used [0x00000000fa080000,0x00000000ffffda60,0x0000000100000000)
  to   space 135680K, 0% used [0x00000000ef700000,0x00000000ef700000,0x00000000f7b80000)
 ParOldGen       total 826368K, used 637090K [0x00000000a0000000, 0x00000000d2700000, 0x00000000e0000000)
  object space 826368K, 77% used [0x00000000a0000000,0x00000000c6e28990,0x00000000d2700000)
 Metaspace       used 67854K, capacity 69400K, committed 69888K, reserved 1110016K
  class space    used 8693K, capacity 9086K, committed 9216K, reserved 1048576K
}
Event: 98.047 GC heap before
{Heap before GC invocations=65 (full 8):
 PSYoungGen      total 350720K, used 350710K [0x00000000e0000000, 0x0000000100000000, 0x0000000100000000)
  eden space 252928K, 100% used [0x00000000e0000000,0x00000000ef700000,0x00000000ef700000)
  from space 97792K, 99% used [0x00000000fa080000,0x00000000ffffda60,0x0000000100000000)
  to   space 135680K, 0% used [0x00000000ef700000,0x00000000ef700000,0x00000000f7b80000)
 ParOldGen       total 826368K, used 637090K [0x00000000a0000000, 0x00000000d2700000, 0x00000000e0000000)
  object space 826368K, 77% used [0x00000000a0000000,0x00000000c6e28990,0x00000000d2700000)
 Metaspace       used 67855K, capacity 69400K, committed 69888K, reserved 1110016K
  class space    used 8693K, capacity 9086K, committed 9216K, reserved 1048576K
Event: 98.242 GC heap after
Heap after GC invocations=65 (full 8):
 PSYoungGen      total 350720K, used 97406K [0x00000000e0000000, 0x0000000100000000, 0x0000000100000000)
  eden space 252928K, 0% used [0x00000000e0000000,0x00000000e0000000,0x00000000ef700000)
  from space 97792K, 99% used [0x00000000ef700000,0x00000000f561f848,0x00000000f5680000)
  to   space 142848K, 0% used [0x00000000f7480000,0x00000000f7480000,0x0000000100000000)
 ParOldGen       total 826368K, used 731910K [0x00000000a0000000, 0x00000000d2700000, 0x00000000e0000000)
  object space 826368K, 88% used [0x00000000a0000000,0x00000000ccac1b30,0x00000000d2700000)
 Metaspace       used 67855K, capacity 69400K, committed 69888K, reserved 1110016K
  class space    used 8693K, capacity 9086K, committed 9216K, reserved 1048576K
}
Event: 98.242 GC heap before
{Heap before GC invocations=66 (full 9):
 PSYoungGen      total 350720K, used 97406K [0x00000000e0000000, 0x0000000100000000, 0x0000000100000000)
  eden space 252928K, 0% used [0x00000000e0000000,0x00000000e0000000,0x00000000ef700000)
  from space 97792K, 99% used [0x00000000ef700000,0x00000000f561f848,0x00000000f5680000)
  to   space 142848K, 0% used [0x00000000f7480000,0x00000000f7480000,0x0000000100000000)
 ParOldGen       total 826368K, used 731910K [0x00000000a0000000, 0x00000000d2700000, 0x00000000e0000000)
  object space 826368K, 88% used [0x00000000a0000000,0x00000000ccac1b30,0x00000000d2700000)
 Metaspace       used 67855K, capacity 69400K, committed 69888K, reserved 1110016K
  class space    used 8693K, capacity 9086K, committed 9216K, reserved 1048576K

