# JRE version: OpenJDK Runtime Environment (8.0_121-b13) (build 1.8.0_121-8u121-b13-0ubuntu1.16.04.2-b13)
# Java VM: OpenJDK 64-Bit Server VM (25.121-b13 mixed mode linux-amd64 compressed oops)
Heap:
 PSYoungGen      total 431104K, used 35700K [0x00000000e0000000, 0x0000000100000000, 0x0000000100000000)
  eden space 345088K, 0% used [0x00000000e0000000,0x00000000e0000000,0x00000000f5100000)
  from space 86016K, 41% used [0x00000000fac00000,0x00000000fcedd338,0x0000000100000000)
  to   space 89600K, 0% used [0x00000000f5100000,0x00000000f5100000,0x00000000fa880000)
 ParOldGen       total 306688K, used 306584K [0x00000000a0000000, 0x00000000b2b80000, 0x00000000e0000000)
  object space 306688K, 99% used [0x00000000a0000000,0x00000000b2b66238,0x00000000b2b80000)
 Metaspace       used 74287K, capacity 76013K, committed 76416K, reserved 1116160K
  class space    used 9381K, capacity 9825K, committed 9856K, reserved 1048576K
GC Heap History (10 events):
Event: 265.374 GC heap after
Heap after GC invocations=40 (full 6):
 PSYoungGen      total 435712K, used 0K [0x00000000e0000000, 0x0000000100000000, 0x0000000100000000)
  eden space 358400K, 0% used [0x00000000e0000000,0x00000000e0000000,0x00000000f5e00000)
  from space 77312K, 0% used [0x00000000fb480000,0x00000000fb480000,0x0000000100000000)
  to   space 82944K, 0% used [0x00000000f5e00000,0x00000000f5e00000,0x00000000faf00000)
 ParOldGen       total 306688K, used 167707K [0x00000000a0000000, 0x00000000b2b80000, 0x00000000e0000000)
  object space 306688K, 54% used [0x00000000a0000000,0x00000000aa3c6eb8,0x00000000b2b80000)
 Metaspace       used 74239K, capacity 75949K, committed 76160K, reserved 1116160K
  class space    used 9380K, capacity 9825K, committed 9856K, reserved 1048576K
}
Event: 266.510 GC heap before
{Heap before GC invocations=41 (full 6):
 PSYoungGen      total 435712K, used 358400K [0x00000000e0000000, 0x0000000100000000, 0x0000000100000000)
  eden space 358400K, 100% used [0x00000000e0000000,0x00000000f5e00000,0x00000000f5e00000)
  from space 77312K, 0% used [0x00000000fb480000,0x00000000fb480000,0x0000000100000000)
  to   space 82944K, 0% used [0x00000000f5e00000,0x00000000f5e00000,0x00000000faf00000)
 ParOldGen       total 306688K, used 167707K [0x00000000a0000000, 0x00000000b2b80000, 0x00000000e0000000)
  object space 306688K, 54% used [0x00000000a0000000,0x00000000aa3c6eb8,0x00000000b2b80000)
 Metaspace       used 74263K, capacity 76013K, committed 76416K, reserved 1116160K
  class space    used 9380K, capacity 9825K, committed 9856K, reserved 1048576K
Event: 266.583 GC heap after
Heap after GC invocations=41 (full 6):
 PSYoungGen      total 407552K, used 49016K [0x00000000e0000000, 0x0000000100000000, 0x0000000100000000)
  eden space 358400K, 0% used [0x00000000e0000000,0x00000000e0000000,0x00000000f5e00000)
  from space 49152K, 99% used [0x00000000f5e00000,0x00000000f8dde088,0x00000000f8e00000)
  to   space 86528K, 0% used [0x00000000fab80000,0x00000000fab80000,0x0000000100000000)
 ParOldGen       total 306688K, used 167715K [0x00000000a0000000, 0x00000000b2b80000, 0x00000000e0000000)
  object space 306688K, 54% used [0x00000000a0000000,0x00000000aa3c8eb8,0x00000000b2b80000)
 Metaspace       used 74263K, capacity 76013K, committed 76416K, reserved 1116160K
  class space    used 9380K, capacity 9825K, committed 9856K, reserved 1048576K
}
Event: 267.492 GC heap before
{Heap before GC invocations=42 (full 6):
 PSYoungGen      total 407552K, used 407416K [0x00000000e0000000, 0x0000000100000000, 0x0000000100000000)
  eden space 358400K, 100% used [0x00000000e0000000,0x00000000f5e00000,0x00000000f5e00000)
  from space 49152K, 99% used [0x00000000f5e00000,0x00000000f8dde088,0x00000000f8e00000)
  to   space 86528K, 0% used [0x00000000fab80000,0x00000000fab80000,0x0000000100000000)
 ParOldGen       total 306688K, used 167715K [0x00000000a0000000, 0x00000000b2b80000, 0x00000000e0000000)
  object space 306688K, 54% used [0x00000000a0000000,0x00000000aa3c8eb8,0x00000000b2b80000)
 Metaspace       used 74269K, capacity 76013K, committed 76416K, reserved 1116160K
  class space    used 9381K, capacity 9825K, committed 9856K, reserved 1048576K
Event: 267.570 GC heap after
Heap after GC invocations=42 (full 6):
 PSYoungGen      total 441856K, used 31355K [0x00000000e0000000, 0x0000000100000000, 0x0000000100000000)
  eden space 355328K, 0% used [0x00000000e0000000,0x00000000e0000000,0x00000000f5b00000)
  from space 86528K, 36% used [0x00000000fab80000,0x00000000fca1ece8,0x0000000100000000)
  to   space 82432K, 0% used [0x00000000f5b00000,0x00000000f5b00000,0x00000000fab80000)
 ParOldGen       total 306688K, used 214542K [0x00000000a0000000, 0x00000000b2b80000, 0x00000000e0000000)
  object space 306688K, 69% used [0x00000000a0000000,0x00000000ad183ac8,0x00000000b2b80000)
 Metaspace       used 74269K, capacity 76013K, committed 76416K, reserved 1116160K
  class space    used 9381K, capacity 9825K, committed 9856K, reserved 1048576K
}
Event: 268.760 GC heap before
{Heap before GC invocations=43 (full 6):
 PSYoungGen      total 441856K, used 386683K [0x00000000e0000000, 0x0000000100000000, 0x0000000100000000)
  eden space 355328K, 100% used [0x00000000e0000000,0x00000000f5b00000,0x00000000f5b00000)
  from space 86528K, 36% used [0x00000000fab80000,0x00000000fca1ece8,0x0000000100000000)
  to   space 82432K, 0% used [0x00000000f5b00000,0x00000000f5b00000,0x00000000fab80000)
 ParOldGen       total 306688K, used 214542K [0x00000000a0000000, 0x00000000b2b80000, 0x00000000e0000000)
  object space 306688K, 69% used [0x00000000a0000000,0x00000000ad183ac8,0x00000000b2b80000)
 Metaspace       used 74275K, capacity 76013K, committed 76416K, reserved 1116160K
  class space    used 9381K, capacity 9825K, committed 9856K, reserved 1048576K
Event: 268.846 GC heap after
Heap after GC invocations=43 (full 6):
 PSYoungGen      total 437760K, used 52702K [0x00000000e0000000, 0x0000000100000000, 0x0000000100000000)
  eden space 355328K, 0% used [0x00000000e0000000,0x00000000e0000000,0x00000000f5b00000)
  from space 82432K, 63% used [0x00000000f5b00000,0x00000000f8e77bd0,0x00000000fab80000)
  to   space 86016K, 0% used [0x00000000fac00000,0x00000000fac00000,0x0000000100000000)
 ParOldGen       total 306688K, used 244801K [0x00000000a0000000, 0x00000000b2b80000, 0x00000000e0000000)
  object space 306688K, 79% used [0x00000000a0000000,0x00000000aef10640,0x00000000b2b80000)
 Metaspace       used 74275K, capacity 76013K, committed 76416K, reserved 1116160K
  class space    used 9381K, capacity 9825K, committed 9856K, reserved 1048576K
}
Event: 269.935 GC heap before
{Heap before GC invocations=44 (full 6):
 PSYoungGen      total 437760K, used 408030K [0x00000000e0000000, 0x0000000100000000, 0x0000000100000000)
  eden space 355328K, 100% used [0x00000000e0000000,0x00000000f5b00000,0x00000000f5b00000)
  from space 82432K, 63% used [0x00000000f5b00000,0x00000000f8e77bd0,0x00000000fab80000)
  to   space 86016K, 0% used [0x00000000fac00000,0x00000000fac00000,0x0000000100000000)
 ParOldGen       total 306688K, used 244801K [0x00000000a0000000, 0x00000000b2b80000, 0x00000000e0000000)
  object space 306688K, 79% used [0x00000000a0000000,0x00000000aef10640,0x00000000b2b80000)
 Metaspace       used 74287K, capacity 76013K, committed 76416K, reserved 1116160K
  class space    used 9381K, capacity 9825K, committed 9856K, reserved 1048576K
Event: 270.064 GC heap after
Heap after GC invocations=44 (full 6):
 PSYoungGen      total 431104K, used 54423K [0x00000000e0000000, 0x0000000100000000, 0x0000000100000000)
  eden space 345088K, 0% used [0x00000000e0000000,0x00000000e0000000,0x00000000f5100000)
  from space 86016K, 63% used [0x00000000fac00000,0x00000000fe125c58,0x0000000100000000)
  to   space 89600K, 0% used [0x00000000f5100000,0x00000000f5100000,0x00000000fa880000)
 ParOldGen       total 306688K, used 295022K [0x00000000a0000000, 0x00000000b2b80000, 0x00000000e0000000)
  object space 306688K, 96% used [0x00000000a0000000,0x00000000b201b8f8,0x00000000b2b80000)
 Metaspace       used 74287K, capacity 76013K, committed 76416K, reserved 1116160K
  class space    used 9381K, capacity 9825K, committed 9856K, reserved 1048576K
}
Event: 270.064 GC heap before
{Heap before GC invocations=45 (full 7):
 PSYoungGen      total 431104K, used 54423K [0x00000000e0000000, 0x0000000100000000, 0x0000000100000000)
  eden space 345088K, 0% used [0x00000000e0000000,0x00000000e0000000,0x00000000f5100000)
  from space 86016K, 63% used [0x00000000fac00000,0x00000000fe125c58,0x0000000100000000)
  to   space 89600K, 0% used [0x00000000f5100000,0x00000000f5100000,0x00000000fa880000)
 ParOldGen       total 306688K, used 295022K [0x00000000a0000000, 0x00000000b2b80000, 0x00000000e0000000)
  object space 306688K, 96% used [0x00000000a0000000,0x00000000b201b8f8,0x00000000b2b80000)
 Metaspace       used 74287K, capacity 76013K, committed 76416K, reserved 1116160K
  class space    used 9381K, capacity 9825K, committed 9856K, reserved 1048576K

